{"C:\\Users\\TimothyMiddleton\\Documents\\coding\\weather-api\\routes\\weather.js": {"path":"C:\\Users\\TimothyMiddleton\\Documents\\coding\\weather-api\\routes\\weather.js","statementMap":{"0":{"start":{"line":1,"column":16},"end":{"line":1,"column":34}},"1":{"start":{"line":2,"column":15},"end":{"line":2,"column":31}},"2":{"start":{"line":3,"column":14},"end":{"line":3,"column":38}},"3":{"start":{"line":4,"column":17},"end":{"line":4,"column":36}},"4":{"start":{"line":5,"column":14},"end":{"line":5,"column":30}},"5":{"start":{"line":9,"column":23},"end":{"line":13,"column":2}},"6":{"start":{"line":14,"column":17},"end":{"line":14,"column":59}},"7":{"start":{"line":18,"column":17},"end":{"line":46,"column":1}},"8":{"start":{"line":19,"column":4},"end":{"line":43,"column":5}},"9":{"start":{"line":20,"column":19},"end":{"line":20,"column":39}},"10":{"start":{"line":21,"column":8},"end":{"line":21,"column":30}},"11":{"start":{"line":24,"column":17},"end":{"line":24,"column":50}},"12":{"start":{"line":26,"column":8},"end":{"line":40,"column":9}},"13":{"start":{"line":27,"column":12},"end":{"line":27,"column":29}},"14":{"start":{"line":28,"column":24},"end":{"line":28,"column":26}},"15":{"start":{"line":29,"column":12},"end":{"line":29,"column":35}},"16":{"start":{"line":30,"column":12},"end":{"line":30,"column":45}},"17":{"start":{"line":31,"column":12},"end":{"line":31,"column":39}},"18":{"start":{"line":32,"column":12},"end":{"line":32,"column":25}},"19":{"start":{"line":34,"column":12},"end":{"line":34,"column":44}},"20":{"start":{"line":35,"column":24},"end":{"line":35,"column":26}},"21":{"start":{"line":36,"column":12},"end":{"line":36,"column":40}},"22":{"start":{"line":37,"column":12},"end":{"line":37,"column":45}},"23":{"start":{"line":38,"column":12},"end":{"line":38,"column":39}},"24":{"start":{"line":39,"column":12},"end":{"line":39,"column":25}},"25":{"start":{"line":42,"column":8},"end":{"line":42,"column":50}},"26":{"start":{"line":48,"column":22},"end":{"line":59,"column":1}},"27":{"start":{"line":49,"column":4},"end":{"line":56,"column":5}},"28":{"start":{"line":50,"column":25},"end":{"line":50,"column":142}},"29":{"start":{"line":51,"column":8},"end":{"line":51,"column":53}},"30":{"start":{"line":52,"column":8},"end":{"line":52,"column":67}},"31":{"start":{"line":55,"column":8},"end":{"line":55,"column":39}},"32":{"start":{"line":61,"column":17},"end":{"line":73,"column":1}},"33":{"start":{"line":63,"column":4},"end":{"line":70,"column":5}},"34":{"start":{"line":64,"column":23},"end":{"line":64,"column":43}},"35":{"start":{"line":65,"column":8},"end":{"line":65,"column":30}},"36":{"start":{"line":66,"column":21},"end":{"line":66,"column":72}},"37":{"start":{"line":67,"column":4},"end":{"line":67,"column":17}},"38":{"start":{"line":69,"column":8},"end":{"line":69,"column":61}},"39":{"start":{"line":75,"column":22},"end":{"line":97,"column":3}},"40":{"start":{"line":77,"column":17},"end":{"line":77,"column":25}},"41":{"start":{"line":79,"column":25},"end":{"line":79,"column":41}},"42":{"start":{"line":81,"column":4},"end":{"line":81,"column":59}},"43":{"start":{"line":83,"column":4},"end":{"line":93,"column":5}},"44":{"start":{"line":84,"column":8},"end":{"line":84,"column":61}},"45":{"start":{"line":86,"column":28},"end":{"line":86,"column":53}},"46":{"start":{"line":87,"column":8},"end":{"line":87,"column":48}},"47":{"start":{"line":88,"column":29},"end":{"line":88,"column":68}},"48":{"start":{"line":89,"column":8},"end":{"line":89,"column":51}},"49":{"start":{"line":90,"column":30},"end":{"line":90,"column":46}},"50":{"start":{"line":91,"column":8},"end":{"line":91,"column":52}},"51":{"start":{"line":92,"column":8},"end":{"line":92,"column":62}},"52":{"start":{"line":99,"column":0},"end":{"line":99,"column":36}},"53":{"start":{"line":101,"column":2},"end":{"line":128,"column":4}},"54":{"start":{"line":104,"column":8},"end":{"line":126,"column":11}},"55":{"start":{"line":105,"column":25},"end":{"line":105,"column":33}},"56":{"start":{"line":107,"column":12},"end":{"line":123,"column":14}},"57":{"start":{"line":109,"column":16},"end":{"line":109,"column":32}},"58":{"start":{"line":110,"column":14},"end":{"line":120,"column":15}},"59":{"start":{"line":111,"column":18},"end":{"line":111,"column":39}},"60":{"start":{"line":112,"column":35},"end":{"line":112,"column":153}},"61":{"start":{"line":113,"column":35},"end":{"line":113,"column":116}},"62":{"start":{"line":114,"column":18},"end":{"line":117,"column":20}},"63":{"start":{"line":115,"column":22},"end":{"line":115,"column":42}},"64":{"start":{"line":115,"column":31},"end":{"line":115,"column":42}},"65":{"start":{"line":116,"column":22},"end":{"line":116,"column":46}},"66":{"start":{"line":119,"column":18},"end":{"line":119,"column":79}},"67":{"start":{"line":121,"column":18},"end":{"line":121,"column":50}},"68":{"start":{"line":122,"column":18},"end":{"line":122,"column":38}},"69":{"start":{"line":125,"column":14},"end":{"line":125,"column":36}},"70":{"start":{"line":130,"column":2},"end":{"line":158,"column":4}},"71":{"start":{"line":132,"column":17},"end":{"line":132,"column":24}},"72":{"start":{"line":135,"column":23},"end":{"line":135,"column":49}},"73":{"start":{"line":136,"column":8},"end":{"line":136,"column":30}},"74":{"start":{"line":139,"column":8},"end":{"line":156,"column":9}},"75":{"start":{"line":141,"column":21},"end":{"line":141,"column":53}},"76":{"start":{"line":142,"column":8},"end":{"line":151,"column":9}},"77":{"start":{"line":142,"column":18},"end":{"line":142,"column":35}},"78":{"start":{"line":143,"column":12},"end":{"line":143,"column":45}},"79":{"start":{"line":146,"column":29},"end":{"line":146,"column":146}},"80":{"start":{"line":147,"column":16},"end":{"line":147,"column":77}},"81":{"start":{"line":148,"column":29},"end":{"line":148,"column":127}},"82":{"start":{"line":149,"column":16},"end":{"line":149,"column":29}},"83":{"start":{"line":150,"column":12},"end":{"line":150,"column":65}},"84":{"start":{"line":155,"column":12},"end":{"line":155,"column":34}},"85":{"start":{"line":160,"column":2},"end":{"line":188,"column":4}},"86":{"start":{"line":163,"column":8},"end":{"line":184,"column":9}},"87":{"start":{"line":164,"column":23},"end":{"line":164,"column":30}},"88":{"start":{"line":166,"column":10},"end":{"line":181,"column":12}},"89":{"start":{"line":167,"column":14},"end":{"line":167,"column":60}},"90":{"start":{"line":167,"column":22},"end":{"line":167,"column":60}},"91":{"start":{"line":168,"column":14},"end":{"line":168,"column":40}},"92":{"start":{"line":169,"column":12},"end":{"line":178,"column":13}},"93":{"start":{"line":170,"column":33},"end":{"line":170,"column":151}},"94":{"start":{"line":171,"column":33},"end":{"line":171,"column":114}},"95":{"start":{"line":172,"column":16},"end":{"line":175,"column":18}},"96":{"start":{"line":173,"column":20},"end":{"line":173,"column":40}},"97":{"start":{"line":173,"column":29},"end":{"line":173,"column":40}},"98":{"start":{"line":174,"column":20},"end":{"line":174,"column":44}},"99":{"start":{"line":177,"column":16},"end":{"line":177,"column":77}},"100":{"start":{"line":179,"column":16},"end":{"line":179,"column":48}},"101":{"start":{"line":180,"column":16},"end":{"line":180,"column":36}},"102":{"start":{"line":183,"column":12},"end":{"line":183,"column":34}},"103":{"start":{"line":190,"column":2},"end":{"line":206,"column":4}},"104":{"start":{"line":191,"column":17},"end":{"line":191,"column":32}},"105":{"start":{"line":195,"column":8},"end":{"line":202,"column":9}},"106":{"start":{"line":196,"column":27},"end":{"line":196,"column":137}},"107":{"start":{"line":197,"column":29},"end":{"line":197,"column":189}},"108":{"start":{"line":198,"column":12},"end":{"line":198,"column":42}},"109":{"start":{"line":201,"column":12},"end":{"line":201,"column":34}},"110":{"start":{"line":208,"column":2},"end":{"line":217,"column":4}},"111":{"start":{"line":209,"column":4},"end":{"line":216,"column":5}},"112":{"start":{"line":210,"column":23},"end":{"line":210,"column":133}},"113":{"start":{"line":211,"column":25},"end":{"line":211,"column":185}},"114":{"start":{"line":212,"column":8},"end":{"line":212,"column":38}},"115":{"start":{"line":215,"column":8},"end":{"line":215,"column":30}},"116":{"start":{"line":220,"column":2},"end":{"line":277,"column":2}},"117":{"start":{"line":221,"column":4},"end":{"line":221,"column":61}},"118":{"start":{"line":223,"column":4},"end":{"line":274,"column":5}},"119":{"start":{"line":224,"column":22},"end":{"line":224,"column":38}},"120":{"start":{"line":225,"column":22},"end":{"line":225,"column":38}},"121":{"start":{"line":226,"column":24},"end":{"line":226,"column":142}},"122":{"start":{"line":227,"column":21},"end":{"line":227,"column":44}},"123":{"start":{"line":229,"column":6},"end":{"line":229,"column":43}},"124":{"start":{"line":230,"column":24},"end":{"line":230,"column":142}},"125":{"start":{"line":231,"column":22},"end":{"line":231,"column":45}},"126":{"start":{"line":232,"column":6},"end":{"line":232,"column":42}},"127":{"start":{"line":234,"column":8},"end":{"line":266,"column":9}},"128":{"start":{"line":235,"column":27},"end":{"line":235,"column":46}},"129":{"start":{"line":236,"column":12},"end":{"line":236,"column":46}},"130":{"start":{"line":237,"column":27},"end":{"line":237,"column":32}},"131":{"start":{"line":238,"column":28},"end":{"line":238,"column":33}},"132":{"start":{"line":240,"column":32},"end":{"line":240,"column":46}},"133":{"start":{"line":241,"column":8},"end":{"line":241,"column":44}},"134":{"start":{"line":242,"column":8},"end":{"line":242,"column":46}},"135":{"start":{"line":244,"column":8},"end":{"line":250,"column":10}},"136":{"start":{"line":252,"column":27},"end":{"line":252,"column":46}},"137":{"start":{"line":253,"column":27},"end":{"line":253,"column":32}},"138":{"start":{"line":254,"column":28},"end":{"line":254,"column":33}},"139":{"start":{"line":256,"column":32},"end":{"line":256,"column":46}},"140":{"start":{"line":257,"column":8},"end":{"line":257,"column":44}},"141":{"start":{"line":258,"column":8},"end":{"line":258,"column":46}},"142":{"start":{"line":260,"column":8},"end":{"line":265,"column":9}},"143":{"start":{"line":273,"column":8},"end":{"line":273,"column":30}},"144":{"start":{"line":279,"column":2},"end":{"line":283,"column":3}}},"fnMap":{"0":{"name":"(anonymous_0)","decl":{"start":{"line":18,"column":17},"end":{"line":18,"column":18}},"loc":{"start":{"line":18,"column":29},"end":{"line":46,"column":1}},"line":18},"1":{"name":"(anonymous_1)","decl":{"start":{"line":48,"column":22},"end":{"line":48,"column":23}},"loc":{"start":{"line":48,"column":38},"end":{"line":59,"column":1}},"line":48},"2":{"name":"(anonymous_2)","decl":{"start":{"line":61,"column":17},"end":{"line":61,"column":18}},"loc":{"start":{"line":61,"column":33},"end":{"line":73,"column":1}},"line":61},"3":{"name":"(anonymous_3)","decl":{"start":{"line":75,"column":22},"end":{"line":75,"column":23}},"loc":{"start":{"line":75,"column":42},"end":{"line":97,"column":3}},"line":75},"4":{"name":"(anonymous_4)","decl":{"start":{"line":101,"column":33},"end":{"line":101,"column":34}},"loc":{"start":{"line":101,"column":53},"end":{"line":128,"column":3}},"line":101},"5":{"name":"(anonymous_5)","decl":{"start":{"line":107,"column":43},"end":{"line":107,"column":44}},"loc":{"start":{"line":107,"column":63},"end":{"line":123,"column":13}},"line":107},"6":{"name":"(anonymous_6)","decl":{"start":{"line":114,"column":32},"end":{"line":114,"column":33}},"loc":{"start":{"line":114,"column":41},"end":{"line":117,"column":19}},"line":114},"7":{"name":"(anonymous_7)","decl":{"start":{"line":130,"column":23},"end":{"line":130,"column":24}},"loc":{"start":{"line":130,"column":43},"end":{"line":158,"column":3}},"line":130},"8":{"name":"(anonymous_8)","decl":{"start":{"line":160,"column":32},"end":{"line":160,"column":33}},"loc":{"start":{"line":160,"column":52},"end":{"line":188,"column":3}},"line":160},"9":{"name":"(anonymous_9)","decl":{"start":{"line":166,"column":41},"end":{"line":166,"column":42}},"loc":{"start":{"line":166,"column":61},"end":{"line":181,"column":11}},"line":166},"10":{"name":"(anonymous_10)","decl":{"start":{"line":172,"column":30},"end":{"line":172,"column":31}},"loc":{"start":{"line":172,"column":39},"end":{"line":175,"column":17}},"line":172},"11":{"name":"(anonymous_11)","decl":{"start":{"line":190,"column":30},"end":{"line":190,"column":31}},"loc":{"start":{"line":190,"column":50},"end":{"line":206,"column":3}},"line":190},"12":{"name":"(anonymous_12)","decl":{"start":{"line":208,"column":27},"end":{"line":208,"column":28}},"loc":{"start":{"line":208,"column":46},"end":{"line":217,"column":3}},"line":208},"13":{"name":"(anonymous_13)","decl":{"start":{"line":220,"column":41},"end":{"line":220,"column":42}},"loc":{"start":{"line":220,"column":60},"end":{"line":277,"column":1}},"line":220}},"branchMap":{"0":{"loc":{"start":{"line":26,"column":8},"end":{"line":40,"column":9}},"type":"if","locations":[{"start":{"line":26,"column":8},"end":{"line":40,"column":9}},{"start":{"line":33,"column":15},"end":{"line":40,"column":9}}],"line":26},"1":{"loc":{"start":{"line":83,"column":4},"end":{"line":93,"column":5}},"type":"if","locations":[{"start":{"line":83,"column":4},"end":{"line":93,"column":5}},{"start":{"line":85,"column":11},"end":{"line":93,"column":5}}],"line":83},"2":{"loc":{"start":{"line":110,"column":14},"end":{"line":120,"column":15}},"type":"if","locations":[{"start":{"line":110,"column":14},"end":{"line":120,"column":15}},{"start":{},"end":{}}],"line":110},"3":{"loc":{"start":{"line":115,"column":22},"end":{"line":115,"column":42}},"type":"if","locations":[{"start":{"line":115,"column":22},"end":{"line":115,"column":42}},{"start":{},"end":{}}],"line":115},"4":{"loc":{"start":{"line":142,"column":8},"end":{"line":151,"column":9}},"type":"if","locations":[{"start":{"line":142,"column":8},"end":{"line":151,"column":9}},{"start":{"line":144,"column":15},"end":{"line":151,"column":9}}],"line":142},"5":{"loc":{"start":{"line":167,"column":14},"end":{"line":167,"column":60}},"type":"if","locations":[{"start":{"line":167,"column":14},"end":{"line":167,"column":60}},{"start":{},"end":{}}],"line":167},"6":{"loc":{"start":{"line":169,"column":12},"end":{"line":178,"column":13}},"type":"if","locations":[{"start":{"line":169,"column":12},"end":{"line":178,"column":13}},{"start":{},"end":{}}],"line":169},"7":{"loc":{"start":{"line":173,"column":20},"end":{"line":173,"column":40}},"type":"if","locations":[{"start":{"line":173,"column":20},"end":{"line":173,"column":40}},{"start":{},"end":{}}],"line":173},"8":{"loc":{"start":{"line":234,"column":8},"end":{"line":266,"column":9}},"type":"if","locations":[{"start":{"line":234,"column":8},"end":{"line":266,"column":9}},{"start":{"line":251,"column":15},"end":{"line":266,"column":9}}],"line":234}},"s":{"0":1,"1":1,"2":1,"3":1,"4":1,"5":1,"6":1,"7":1,"8":0,"9":0,"10":0,"11":0,"12":0,"13":0,"14":0,"15":0,"16":0,"17":0,"18":0,"19":0,"20":0,"21":0,"22":0,"23":0,"24":0,"25":0,"26":1,"27":2,"28":2,"29":1,"30":1,"31":1,"32":1,"33":0,"34":0,"35":0,"36":0,"37":0,"38":0,"39":1,"40":0,"41":0,"42":0,"43":0,"44":0,"45":0,"46":0,"47":0,"48":0,"49":0,"50":0,"51":0,"52":1,"53":1,"54":0,"55":0,"56":0,"57":0,"58":0,"59":0,"60":0,"61":0,"62":0,"63":0,"64":0,"65":0,"66":0,"67":0,"68":0,"69":0,"70":1,"71":0,"72":0,"73":0,"74":0,"75":0,"76":0,"77":0,"78":0,"79":0,"80":0,"81":0,"82":0,"83":0,"84":0,"85":1,"86":0,"87":0,"88":0,"89":0,"90":0,"91":0,"92":0,"93":0,"94":0,"95":0,"96":0,"97":0,"98":0,"99":0,"100":0,"101":0,"102":0,"103":1,"104":0,"105":0,"106":0,"107":0,"108":0,"109":0,"110":1,"111":0,"112":0,"113":0,"114":0,"115":0,"116":1,"117":0,"118":0,"119":0,"120":0,"121":0,"122":0,"123":0,"124":0,"125":0,"126":0,"127":0,"128":0,"129":0,"130":0,"131":0,"132":0,"133":0,"134":0,"135":0,"136":0,"137":0,"138":0,"139":0,"140":0,"141":0,"142":0,"143":0,"144":1},"f":{"0":0,"1":2,"2":0,"3":0,"4":0,"5":0,"6":0,"7":0,"8":0,"9":0,"10":0,"11":0,"12":0,"13":0},"b":{"0":[0,0],"1":[0,0],"2":[0,0],"3":[0,0],"4":[0,0],"5":[0,0],"6":[0,0],"7":[0,0],"8":[0,0]},"_coverageSchema":"1a1c01bbd47fc00a2c39e90264f33305004495a9","hash":"41441a3c567ca1fccbac9337778a65952ab264f2"}
}
