TN:
SF:routes\weather.js
FN:18,(anonymous_0)
FN:48,(anonymous_1)
FN:61,(anonymous_2)
FN:75,(anonymous_3)
FN:101,(anonymous_4)
FN:107,(anonymous_5)
FN:114,(anonymous_6)
FN:130,(anonymous_7)
FN:160,(anonymous_8)
FN:166,(anonymous_9)
FN:172,(anonymous_10)
FN:190,(anonymous_11)
FN:208,(anonymous_12)
FN:220,(anonymous_13)
FNF:14
FNH:1
FNDA:0,(anonymous_0)
FNDA:2,(anonymous_1)
FNDA:0,(anonymous_2)
FNDA:0,(anonymous_3)
FNDA:0,(anonymous_4)
FNDA:0,(anonymous_5)
FNDA:0,(anonymous_6)
FNDA:0,(anonymous_7)
FNDA:0,(anonymous_8)
FNDA:0,(anonymous_9)
FNDA:0,(anonymous_10)
FNDA:0,(anonymous_11)
FNDA:0,(anonymous_12)
FNDA:0,(anonymous_13)
DA:1,1
DA:2,1
DA:3,1
DA:4,1
DA:5,1
DA:9,1
DA:14,1
DA:18,1
DA:19,0
DA:20,0
DA:21,0
DA:24,0
DA:26,0
DA:27,0
DA:28,0
DA:29,0
DA:30,0
DA:31,0
DA:32,0
DA:34,0
DA:35,0
DA:36,0
DA:37,0
DA:38,0
DA:39,0
DA:42,0
DA:48,1
DA:49,2
DA:50,2
DA:51,1
DA:52,1
DA:55,1
DA:61,1
DA:63,0
DA:64,0
DA:65,0
DA:66,0
DA:67,0
DA:69,0
DA:75,1
DA:77,0
DA:79,0
DA:81,0
DA:83,0
DA:84,0
DA:86,0
DA:87,0
DA:88,0
DA:89,0
DA:90,0
DA:91,0
DA:92,0
DA:99,1
DA:101,1
DA:104,0
DA:105,0
DA:107,0
DA:109,0
DA:110,0
DA:111,0
DA:112,0
DA:113,0
DA:114,0
DA:115,0
DA:116,0
DA:119,0
DA:121,0
DA:122,0
DA:125,0
DA:130,1
DA:132,0
DA:135,0
DA:136,0
DA:139,0
DA:141,0
DA:142,0
DA:143,0
DA:146,0
DA:147,0
DA:148,0
DA:149,0
DA:150,0
DA:155,0
DA:160,1
DA:163,0
DA:164,0
DA:166,0
DA:167,0
DA:168,0
DA:169,0
DA:170,0
DA:171,0
DA:172,0
DA:173,0
DA:174,0
DA:177,0
DA:179,0
DA:180,0
DA:183,0
DA:190,1
DA:191,0
DA:195,0
DA:196,0
DA:197,0
DA:198,0
DA:201,0
DA:208,1
DA:209,0
DA:210,0
DA:211,0
DA:212,0
DA:215,0
DA:220,1
DA:221,0
DA:223,0
DA:224,0
DA:225,0
DA:226,0
DA:227,0
DA:229,0
DA:230,0
DA:231,0
DA:232,0
DA:234,0
DA:235,0
DA:236,0
DA:237,0
DA:238,0
DA:240,0
DA:241,0
DA:242,0
DA:244,0
DA:252,0
DA:253,0
DA:254,0
DA:256,0
DA:257,0
DA:258,0
DA:260,0
DA:273,0
DA:279,1
LF:141
LH:24
BRDA:26,0,0,0
BRDA:26,0,1,0
BRDA:83,1,0,0
BRDA:83,1,1,0
BRDA:110,2,0,0
BRDA:110,2,1,0
BRDA:115,3,0,0
BRDA:115,3,1,0
BRDA:142,4,0,0
BRDA:142,4,1,0
BRDA:167,5,0,0
BRDA:167,5,1,0
BRDA:169,6,0,0
BRDA:169,6,1,0
BRDA:173,7,0,0
BRDA:173,7,1,0
BRDA:234,8,0,0
BRDA:234,8,1,0
BRF:18
BRH:0
end_of_record
